%このファイルは日本語文字を含みます.
\BOOKMARK [0][-]{chapter.1}{\376\377\136\217\212\326}{}% 1
\BOOKMARK [1][-]{section.1.1}{\376\377\212\326\145\207\151\313\142\020}{chapter.1}% 2
\BOOKMARK [0][-]{chapter.2}{\376\377\121\110\210\114\170\024\172\166}{}% 3
\BOOKMARK [1][-]{section.2.1}{\376\377\155\361\134\144\133\146\177\322}{chapter.2}% 4
\BOOKMARK [1][-]{section.2.2}{\376\377\116\214\221\315\226\115\116\013\163\376\214\141}{chapter.2}% 5
\BOOKMARK [1][-]{section.2.3}{\376\377\165\073\120\317\212\215\213\130\060\153\060\112\060\121\060\213\137\142\162\266\060\373\060\306\060\257\060\271\060\301\060\343}{chapter.2}% 6
\BOOKMARK [1][-]{section.2.4}{\376\377\165\073\120\317\212\215\213\130\060\153\060\112\060\121\060\213\116\214\221\315\226\115\116\013\163\376\214\141\060\150\137\142\162\266\060\373\060\306\060\257\060\271\060\301\060\343\060\320\060\244\060\242\060\271\060\156\225\242\117\302}{chapter.2}% 7
\BOOKMARK [1][-]{section.2.5}{\376\377\000C\000N\000N\060\342\060\307\060\353\060\153\060\112\060\121\060\213\154\116\123\026\140\047\200\375\060\156\211\343\147\220}{chapter.2}% 8
\BOOKMARK [0][-]{chapter.3}{\376\377\211\226\211\232\166\204\162\171\137\264\060\156\163\162\137\227\060\222\122\006\147\220\060\131\060\213\060\137\060\201\060\156\060\307\060\374\060\277\060\273\060\303\060\310}{}% 9
\BOOKMARK [1][-]{section.3.1}{\376\377\143\320\150\110\060\307\060\374\060\277\060\273\060\303\060\310\060\156\200\314\146\157}{chapter.3}% 10
\BOOKMARK [2][-]{subsection.3.1.1}{\376\377\166\364\141\037\166\204\060\152\151\202\137\365}{section.3.1}% 11
\BOOKMARK [2][-]{subsection.3.1.2}{\376\377\377\022\060\144\060\156\151\202\137\365\060\114\162\354\172\313}{section.3.1}% 12
\BOOKMARK [2][-]{subsection.3.1.3}{\376\377\226\343\146\023\136\246\060\156\144\315\117\134\060\114\123\357\200\375}{section.3.1}% 13
\BOOKMARK [1][-]{section.3.2}{\376\377\143\320\150\110\060\131\060\213\060\307\060\374\060\277\060\273\060\303\060\310\377\032\000C\000o\000l\000o\000r\000e\000d\000\040\000E\000M\000N\000I\000S\000T}{chapter.3}% 14
\BOOKMARK [1][-]{section.3.3}{\376\377\202\162\151\202\137\365\060\153\060\112\060\121\060\213\226\343\146\023\136\246\212\277\145\164\142\113\154\325}{chapter.3}% 15
\BOOKMARK [1][-]{section.3.4}{\376\377\060\351\060\331\060\353\060\316\060\244\060\272\060\156\116\330\116\016}{chapter.3}% 16
\BOOKMARK [0][-]{chapter.4}{\376\377\133\237\232\023}{}% 17
\BOOKMARK [1][-]{section.4.1}{\376\377\133\237\232\023\212\055\133\232}{chapter.4}% 18
\BOOKMARK [0][-]{chapter.5}{\376\377\175\120\147\234}{}% 19
\BOOKMARK [1][-]{subsection.5.0.1}{\376\377\060\351\060\331\060\353\060\316\060\244\060\272\116\330\116\016\060\153\060\210\060\213\131\011\123\026}{chapter.5}% 20
\BOOKMARK [2][-]{subsection.5.0.2}{\376\377\060\342\060\307\060\353\060\156\134\144\060\153\060\210\060\213\131\011\123\026}{subsection.5.0.1}% 21
\BOOKMARK [2][-]{subsection.5.0.3}{\376\377\060\342\060\307\060\353\136\105\060\153\060\210\060\213\131\011\123\026}{subsection.5.0.1}% 22
\BOOKMARK [2][-]{subsection.5.0.4}{\376\377\060\301\060\343\060\315\060\353\136\105\060\150\060\250\060\335\060\303\060\257\145\160\060\153\060\210\060\213\060\306\060\271\060\310\060\250\060\351\060\374\163\207\060\156\122\006\147\220}{subsection.5.0.1}% 23
\BOOKMARK [0][-]{chapter.6}{\376\377\200\003\133\337}{}% 24
\BOOKMARK [0][-]{chapter.7}{\376\377\175\120\212\326}{}% 25
\BOOKMARK [0][-]{chapter.8}{\376\377\116\312\137\214\060\156\134\125\147\033}{}% 26
\BOOKMARK [0][-]{appendix.A}{\376\377\127\372\171\016\060\307\060\374\060\277}{}% 27
\BOOKMARK [1][-]{section.A.1}{\376\377\000E\000M\000N\000I\000S\000T\000\040\000D\000i\000g\000i\000t\000s\060\307\060\374\060\277\060\273\060\303\060\310\060\156\127\372\171\016\060\307\060\374\060\277}{appendix.A}% 28
\BOOKMARK [0][-]{appendix.B}{\376\377\133\146\177\322\060\327\060\355\060\260\060\351\060\340}{}% 29
\BOOKMARK [0][-]{appendix.C}{\376\377\133\376\131\026\142\020\147\234\166\172\210\150\060\352\060\271\060\310}{}% 30
\BOOKMARK [0][-]{appendix.C}{\376\377\213\035\217\236}{}% 31
